<?xml version="1.0" encoding="UTF-8"?>
<testsuite name="me.saechimdaeki.security.SecurityApplicationTests" tests="1" skipped="0" failures="0" errors="0" timestamp="2022-05-02T11:28:32" hostname="1101783M01" time="0.256">
  <properties/>
  <testcase name="contextLoads()" classname="me.saechimdaeki.security.SecurityApplicationTests" time="0.256"/>
  <system-out><![CDATA[20:28:24.081 [Test worker] DEBUG org.springframework.test.context.BootstrapUtils - Instantiating CacheAwareContextLoaderDelegate from class [org.springframework.test.context.cache.DefaultCacheAwareContextLoaderDelegate]
20:28:24.093 [Test worker] DEBUG org.springframework.test.context.BootstrapUtils - Instantiating BootstrapContext using constructor [public org.springframework.test.context.support.DefaultBootstrapContext(java.lang.Class,org.springframework.test.context.CacheAwareContextLoaderDelegate)]
20:28:24.133 [Test worker] DEBUG org.springframework.test.context.BootstrapUtils - Instantiating TestContextBootstrapper for test class [me.saechimdaeki.security.SecurityApplicationTests] from class [org.springframework.boot.test.context.SpringBootTestContextBootstrapper]
20:28:24.145 [Test worker] INFO org.springframework.boot.test.context.SpringBootTestContextBootstrapper - Neither @ContextConfiguration nor @ContextHierarchy found for test class [me.saechimdaeki.security.SecurityApplicationTests], using SpringBootContextLoader
20:28:24.150 [Test worker] DEBUG org.springframework.test.context.support.AbstractContextLoader - Did not detect default resource location for test class [me.saechimdaeki.security.SecurityApplicationTests]: class path resource [me/saechimdaeki/security/SecurityApplicationTests-context.xml] does not exist
20:28:24.150 [Test worker] DEBUG org.springframework.test.context.support.AbstractContextLoader - Did not detect default resource location for test class [me.saechimdaeki.security.SecurityApplicationTests]: class path resource [me/saechimdaeki/security/SecurityApplicationTestsContext.groovy] does not exist
20:28:24.151 [Test worker] INFO org.springframework.test.context.support.AbstractContextLoader - Could not detect default resource locations for test class [me.saechimdaeki.security.SecurityApplicationTests]: no resource found for suffixes {-context.xml, Context.groovy}.
20:28:24.151 [Test worker] INFO org.springframework.test.context.support.AnnotationConfigContextLoaderUtils - Could not detect default configuration classes for test class [me.saechimdaeki.security.SecurityApplicationTests]: SecurityApplicationTests does not declare any static, non-private, non-final, nested classes annotated with @Configuration.
20:28:24.236 [Test worker] DEBUG org.springframework.test.context.support.ActiveProfilesUtils - Could not find an 'annotation declaring class' for annotation type [org.springframework.test.context.ActiveProfiles] and class [me.saechimdaeki.security.SecurityApplicationTests]
20:28:24.327 [Test worker] DEBUG org.springframework.context.annotation.ClassPathScanningCandidateComponentProvider - Identified candidate component class: file [/Users/a1101783/Desktop/개인공부/스프링시큐리티프로젝트/spring_security_project/build/classes/java/main/me/saechimdaeki/security/SecurityApplication.class]
20:28:24.330 [Test worker] INFO org.springframework.boot.test.context.SpringBootTestContextBootstrapper - Found @SpringBootConfiguration me.saechimdaeki.security.SecurityApplication for test class me.saechimdaeki.security.SecurityApplicationTests
20:28:24.438 [Test worker] DEBUG org.springframework.boot.test.context.SpringBootTestContextBootstrapper - @TestExecutionListeners is not present for class [me.saechimdaeki.security.SecurityApplicationTests]: using defaults.
20:28:24.438 [Test worker] INFO org.springframework.boot.test.context.SpringBootTestContextBootstrapper - Loaded default TestExecutionListener class names from location [META-INF/spring.factories]: [org.springframework.security.test.context.support.WithSecurityContextTestExecutionListener, org.springframework.security.test.context.support.ReactorContextTestExecutionListener, org.springframework.boot.test.autoconfigure.restdocs.RestDocsTestExecutionListener, org.springframework.boot.test.autoconfigure.web.client.MockRestServiceServerResetTestExecutionListener, org.springframework.boot.test.autoconfigure.web.servlet.MockMvcPrintOnlyOnFailureTestExecutionListener, org.springframework.boot.test.autoconfigure.web.servlet.WebDriverTestExecutionListener, org.springframework.boot.test.autoconfigure.webservices.client.MockWebServiceServerTestExecutionListener, org.springframework.boot.test.mock.mockito.MockitoTestExecutionListener, org.springframework.boot.test.mock.mockito.ResetMocksTestExecutionListener, org.springframework.test.context.web.ServletTestExecutionListener, org.springframework.test.context.support.DirtiesContextBeforeModesTestExecutionListener, org.springframework.test.context.event.ApplicationEventsTestExecutionListener, org.springframework.test.context.support.DependencyInjectionTestExecutionListener, org.springframework.test.context.support.DirtiesContextTestExecutionListener, org.springframework.test.context.transaction.TransactionalTestExecutionListener, org.springframework.test.context.jdbc.SqlScriptsTestExecutionListener, org.springframework.test.context.event.EventPublishingTestExecutionListener]
20:28:24.461 [Test worker] INFO org.springframework.boot.test.context.SpringBootTestContextBootstrapper - Using TestExecutionListeners: [org.springframework.test.context.web.ServletTestExecutionListener@4b90398f, org.springframework.test.context.support.DirtiesContextBeforeModesTestExecutionListener@7dee011e, org.springframework.test.context.event.ApplicationEventsTestExecutionListener@66391459, org.springframework.boot.test.mock.mockito.MockitoTestExecutionListener@275a7bd0, org.springframework.boot.test.autoconfigure.SpringBootDependencyInjectionTestExecutionListener@6d4c62f5, org.springframework.test.context.support.DirtiesContextTestExecutionListener@602778b3, org.springframework.test.context.transaction.TransactionalTestExecutionListener@4e922332, org.springframework.test.context.jdbc.SqlScriptsTestExecutionListener@3ae245cb, org.springframework.security.test.context.support.WithSecurityContextTestExecutionListener@34b7d3a8, org.springframework.test.context.event.EventPublishingTestExecutionListener@6f8ed76d, org.springframework.security.test.context.support.ReactorContextTestExecutionListener@305af21d, org.springframework.boot.test.autoconfigure.restdocs.RestDocsTestExecutionListener@18be35c0, org.springframework.boot.test.autoconfigure.web.client.MockRestServiceServerResetTestExecutionListener@121e9fec, org.springframework.boot.test.autoconfigure.web.servlet.MockMvcPrintOnlyOnFailureTestExecutionListener@bb2177d, org.springframework.boot.test.autoconfigure.web.servlet.WebDriverTestExecutionListener@6c1fd60c, org.springframework.boot.test.autoconfigure.webservices.client.MockWebServiceServerTestExecutionListener@566ee7a, org.springframework.boot.test.mock.mockito.ResetMocksTestExecutionListener@6361e0c5]
20:28:24.464 [Test worker] DEBUG org.springframework.test.context.support.AbstractDirtiesContextTestExecutionListener - Before test class: context [DefaultTestContext@7c10a884 testClass = SecurityApplicationTests, testInstance = [null], testMethod = [null], testException = [null], mergedContextConfiguration = [WebMergedContextConfiguration@4a6b46eb testClass = SecurityApplicationTests, locations = '{}', classes = '{class me.saechimdaeki.security.SecurityApplication}', contextInitializerClasses = '[]', activeProfiles = '{}', propertySourceLocations = '{}', propertySourceProperties = '{org.springframework.boot.test.context.SpringBootTestContextBootstrapper=true}', contextCustomizers = set[org.springframework.boot.test.autoconfigure.actuate.metrics.MetricsExportContextCustomizerFactory$DisableMetricExportContextCustomizer@37d34e62, org.springframework.boot.test.autoconfigure.properties.PropertyMappingContextCustomizer@0, org.springframework.boot.test.autoconfigure.web.servlet.WebDriverContextCustomizerFactory$Customizer@524dbf6d, org.springframework.boot.test.context.filter.ExcludeFilterContextCustomizer@23019c46, org.springframework.boot.test.json.DuplicateJsonObjectContextCustomizerFactory$DuplicateJsonObjectContextCustomizer@221ed441, org.springframework.boot.test.mock.mockito.MockitoContextCustomizer@0, org.springframework.boot.test.web.client.TestRestTemplateContextCustomizer@320a8c09, org.springframework.boot.test.context.SpringBootTestArgs@1, org.springframework.boot.test.context.SpringBootTestWebEnvironment@22ce226b], resourceBasePath = 'src/main/webapp', contextLoader = 'org.springframework.boot.test.context.SpringBootContextLoader', parent = [null]], attributes = map['org.springframework.test.context.web.ServletTestExecutionListener.activateListener' -> true]], class annotated with @DirtiesContext [false] with mode [null].

  .   ____          _            __ _ _
 /\\ / ___'_ __ _ _(_)_ __  __ _ \ \ \ \
( ( )\___ | '_ | '_| | '_ \/ _` | \ \ \ \
 \\/  ___)| |_)| | | | | || (_| |  ) ) ) )
  '  |____| .__|_| |_|_| |_\__, | / / / /
 =========|_|==============|___/=/_/_/_/
 :: Spring Boot ::                (v2.6.7)

2022-05-02 20:28:25.219  INFO 6557 --- [    Test worker] m.s.security.SecurityApplicationTests    : Starting SecurityApplicationTests using Java 11.0.14 on 1101783M01 with PID 6557 (started by a1101783 in /Users/a1101783/Desktop/개인공부/스프링시큐리티프로젝트/spring_security_project)
2022-05-02 20:28:25.225  INFO 6557 --- [    Test worker] m.s.security.SecurityApplicationTests    : No active profile set, falling back to 1 default profile: "default"
2022-05-02 20:28:26.775  INFO 6557 --- [    Test worker] .s.d.r.c.RepositoryConfigurationDelegate : Bootstrapping Spring Data JPA repositories in DEFAULT mode.
2022-05-02 20:28:26.815  INFO 6557 --- [    Test worker] .s.d.r.c.RepositoryConfigurationDelegate : Finished Spring Data repository scanning in 31 ms. Found 0 JPA repository interfaces.
2022-05-02 20:28:27.993  INFO 6557 --- [    Test worker] o.hibernate.jpa.internal.util.LogHelper  : HHH000204: Processing PersistenceUnitInfo [name: default]
2022-05-02 20:28:28.053  INFO 6557 --- [    Test worker] org.hibernate.Version                    : HHH000412: Hibernate ORM core version 5.6.8.Final
2022-05-02 20:28:28.267  INFO 6557 --- [    Test worker] o.hibernate.annotations.common.Version   : HCANN000001: Hibernate Commons Annotations {5.1.2.Final}
2022-05-02 20:28:28.401  INFO 6557 --- [    Test worker] com.zaxxer.hikari.HikariDataSource       : HikariPool-1 - Starting...
2022-05-02 20:28:29.004  INFO 6557 --- [    Test worker] com.zaxxer.hikari.HikariDataSource       : HikariPool-1 - Start completed.
2022-05-02 20:28:29.041  INFO 6557 --- [    Test worker] org.hibernate.dialect.Dialect            : HHH000400: Using dialect: org.hibernate.dialect.MySQL8Dialect
2022-05-02 20:28:29.404  INFO 6557 --- [    Test worker] o.h.e.t.j.p.i.JtaPlatformInitiator       : HHH000490: Using JtaPlatform implementation: [org.hibernate.engine.transaction.jta.platform.internal.NoJtaPlatform]
2022-05-02 20:28:29.415  INFO 6557 --- [    Test worker] j.LocalContainerEntityManagerFactoryBean : Initialized JPA EntityManagerFactory for persistence unit 'default'
2022-05-02 20:28:29.738  WARN 6557 --- [    Test worker] JpaBaseConfiguration$JpaWebConfiguration : spring.jpa.open-in-view is enabled by default. Therefore, database queries may be performed during view rendering. Explicitly configure spring.jpa.open-in-view to disable this warning
2022-05-02 20:28:30.777  INFO 6557 --- [    Test worker] o.s.s.web.DefaultSecurityFilterChain     : Will secure any request with [org.springframework.security.web.context.request.async.WebAsyncManagerIntegrationFilter@1e44297c, org.springframework.security.web.context.SecurityContextPersistenceFilter@31743a8e, org.springframework.security.web.header.HeaderWriterFilter@59b89b4c, org.springframework.security.web.csrf.CsrfFilter@17d9710f, org.springframework.security.web.authentication.logout.LogoutFilter@34efed59, org.springframework.security.web.authentication.UsernamePasswordAuthenticationFilter@628029ea, org.springframework.security.web.authentication.ui.DefaultLoginPageGeneratingFilter@28e293c8, org.springframework.security.web.authentication.ui.DefaultLogoutPageGeneratingFilter@60052730, org.springframework.security.web.savedrequest.RequestCacheAwareFilter@6835fbd6, org.springframework.security.web.servletapi.SecurityContextHolderAwareRequestFilter@49f65f8b, org.springframework.security.web.authentication.AnonymousAuthenticationFilter@308e90de, org.springframework.security.web.session.SessionManagementFilter@1bb9779a, org.springframework.security.web.access.ExceptionTranslationFilter@49177382, org.springframework.security.web.access.intercept.FilterSecurityInterceptor@23c1e842]
2022-05-02 20:28:32.164  INFO 6557 --- [    Test worker] m.s.security.SecurityApplicationTests    : Started SecurityApplicationTests in 7.623 seconds (JVM running for 9.462)
]]></system-out>
  <system-err><![CDATA[]]></system-err>
</testsuite>
